2023-10-06T16:56:40.704509Z 0 [Warning] TIMESTAMP with implicit DEFAULT value is deprecated. Please use --explicit_defaults_for_timestamp server option (see documentation for more details).
2023-10-06T16:56:40.705494Z 0 [Warning] Insecure configuration for --secure-file-priv: Current value does not restrict location of generated files. Consider setting it to a valid, non-empty path.
2023-10-06T16:56:40.709494Z 0 [ERROR] Cannot open Windows EventLog; check privileges, or start server with --log_syslog=0
2023-10-06T16:56:40.710494Z 0 [Note] D:\CDisk\”правление данными\SQL\mysql-5.7\bin\mysqld.exe (mysqld 5.7.11) starting as process 11404 ...
2023-10-13T01:51:27.306870Z 0 [Warning] TIMESTAMP with implicit DEFAULT value is deprecated. Please use --explicit_defaults_for_timestamp server option (see documentation for more details).
2023-10-13T01:51:27.306870Z 0 [Warning] Insecure configuration for --secure-file-priv: Current value does not restrict location of generated files. Consider setting it to a valid, non-empty path.
2023-10-13T01:51:27.309865Z 0 [ERROR] Cannot open Windows EventLog; check privileges, or start server with --log_syslog=0
2023-10-13T01:51:27.309865Z 0 [Note] D:\CDisk\”правление данными\SQL\mysql-5.7\bin\mysqld.exe (mysqld 5.7.11) starting as process 2080 ...
2023-10-13T01:51:27.713867Z 0 [ERROR] Can't open shared library 'D:\CDisk\”правление данными\SQL\mysql-5.7\lib\plugin\keyring_file.dll' (errno: 126 Ќе найден указанный модуль.)
2023-10-13T01:51:27.723862Z 0 [ERROR] Couldn't load plugin named 'keyring_file' with soname 'keyring_file.dll'.
2023-10-13T01:51:27.764875Z 0 [Note] InnoDB: Mutexes and rw_locks use Windows interlocked functions
2023-10-13T01:51:27.766870Z 0 [Note] InnoDB: Uses event mutexes
2023-10-13T01:51:27.766870Z 0 [Note] InnoDB: Memory barrier is not used
2023-10-13T01:51:27.794884Z 0 [Note] InnoDB: Compressed tables use zlib 1.2.3
2023-10-13T01:51:27.797861Z 0 [Note] InnoDB: Number of pools: 1
2023-10-13T01:51:27.798858Z 0 [Note] InnoDB: Not using CPU crc32 instructions
2023-10-13T01:51:28.170303Z 0 [Note] InnoDB: Initializing buffer pool, total size = 128M, instances = 1, chunk size = 128M
2023-10-13T01:51:28.199323Z 0 [Note] InnoDB: Completed initialization of buffer pool
2023-10-13T01:51:28.503515Z 0 [Note] InnoDB: Highest supported file format is Barracuda.
2023-10-13T01:51:28.560509Z 0 [Note] InnoDB: Log scan progressed past the checkpoint lsn 8345814
2023-10-13T01:51:28.561505Z 0 [Note] InnoDB: Doing recovery: scanned up to log sequence number 8345823
2023-10-13T01:51:28.564531Z 0 [Note] InnoDB: Doing recovery: scanned up to log sequence number 8345823
2023-10-13T01:51:28.565500Z 0 [Note] InnoDB: Database was not shutdown normally!
2023-10-13T01:51:28.566498Z 0 [Note] InnoDB: Starting crash recovery.
2023-10-13T01:51:30.174796Z 0 [Note] InnoDB: Removed temporary tablespace data file: "ibtmp1"
2023-10-13T01:51:30.175761Z 0 [Note] InnoDB: Creating shared tablespace for temporary tables
2023-10-13T01:51:30.177765Z 0 [Note] InnoDB: Setting file '.\ibtmp1' size to 12 MB. Physically writing the file full; Please wait ...
2023-10-13T01:51:30.422784Z 0 [Note] InnoDB: File '.\ibtmp1' size is now 12 MB.
2023-10-13T01:51:30.459763Z 0 [Note] InnoDB: 96 redo rollback segment(s) found. 96 redo rollback segment(s) are active.
2023-10-13T01:51:30.461756Z 0 [Note] InnoDB: 32 non-redo rollback segment(s) are active.
2023-10-13T01:51:30.463757Z 0 [Note] InnoDB: Waiting for purge to start
2023-10-13T01:51:30.565751Z 0 [Note] InnoDB: 5.7.11 started; log sequence number 8345823
2023-10-13T01:51:30.616788Z 0 [Note] Plugin 'FEDERATED' is disabled.
2023-10-13T01:51:30.638752Z 0 [Note] InnoDB: Loading buffer pool(s) from D:\CDisk\”правление данными\SQL\mysql-5.7\data\ib_buffer_pool
2023-10-13T01:51:31.079745Z 0 [Note] InnoDB: Buffer pool(s) load completed at 231013  8:51:31
2023-10-13T01:51:31.081756Z 0 [Warning] Failed to set up SSL because of the following SSL library error: SSL context is not usable without certificate and private key
2023-10-13T01:51:31.093773Z 0 [Note] Server hostname (bind-address): '*'; port: 3306
2023-10-13T01:51:31.095764Z 0 [Note] IPv6 is available.
2023-10-13T01:51:31.096762Z 0 [Note]   - '::' resolves to '::';
2023-10-13T01:51:31.097754Z 0 [Note] Server socket created on IP: '::'.
2023-10-13T01:51:35.384374Z 0 [Note] Event Scheduler: Loaded 0 events
2023-10-13T01:51:35.385374Z 0 [Note] D:\CDisk\”правление данными\SQL\mysql-5.7\bin\mysqld.exe: ready for connections.
Version: '5.7.11'  socket: ''  port: 3306  MySQL Community Server (GPL)
2023-10-13T06:07:02.743192Z 0 [Note] InnoDB: page_cleaner: 1000ms intended loop took 3142008ms. The settings might not be optimal. (flushed=0 and evicted=0, during the time.)
2023-10-13T08:24:01.588649Z 0 [Note] InnoDB: page_cleaner: 1000ms intended loop took 3713364ms. The settings might not be optimal. (flushed=0 and evicted=0, during the time.)
2023-10-13T09:54:41.900403Z 0 [Warning] TIMESTAMP with implicit DEFAULT value is deprecated. Please use --explicit_defaults_for_timestamp server option (see documentation for more details).
2023-10-13T09:54:41.900403Z 0 [Warning] Insecure configuration for --secure-file-priv: Current value does not restrict location of generated files. Consider setting it to a valid, non-empty path.
2023-10-13T09:54:41.903395Z 0 [ERROR] Cannot open Windows EventLog; check privileges, or start server with --log_syslog=0
2023-10-13T09:54:41.903395Z 0 [Note] D:\CDisk\”правление данными\SQL\mysql-5.7\bin\mysqld.exe (mysqld 5.7.11) starting as process 1800 ...
2023-10-15T13:50:57.179114Z 0 [Warning] TIMESTAMP with implicit DEFAULT value is deprecated. Please use --explicit_defaults_for_timestamp server option (see documentation for more details).
2023-10-15T13:50:57.179114Z 0 [Warning] Insecure configuration for --secure-file-priv: Current value does not restrict location of generated files. Consider setting it to a valid, non-empty path.
2023-10-15T13:50:57.181104Z 0 [ERROR] Cannot open Windows EventLog; check privileges, or start server with --log_syslog=0
2023-10-15T13:50:57.181104Z 0 [Note] D:\CDisk\”правление данными\SQL\mysql-5.7\bin\mysqld.exe (mysqld 5.7.11) starting as process 13864 ...
2023-10-15T15:13:33.017184Z 0 [Warning] TIMESTAMP with implicit DEFAULT value is deprecated. Please use --explicit_defaults_for_timestamp server option (see documentation for more details).
2023-10-15T15:13:33.017184Z 0 [Warning] Insecure configuration for --secure-file-priv: Current value does not restrict location of generated files. Consider setting it to a valid, non-empty path.
2023-10-15T15:13:33.024180Z 0 [ERROR] Cannot open Windows EventLog; check privileges, or start server with --log_syslog=0
2023-10-15T15:13:33.024180Z 0 [Note] D:\CDisk\”правление данными\SQL\mysql-5.7\bin\mysqld.exe (mysqld 5.7.11) starting as process 10604 ...
2023-10-16T10:08:59.648187Z 0 [Warning] TIMESTAMP with implicit DEFAULT value is deprecated. Please use --explicit_defaults_for_timestamp server option (see documentation for more details).
2023-10-16T10:08:59.648187Z 0 [Warning] Insecure configuration for --secure-file-priv: Current value does not restrict location of generated files. Consider setting it to a valid, non-empty path.
2023-10-16T10:08:59.764176Z 0 [ERROR] Cannot open Windows EventLog; check privileges, or start server with --log_syslog=0
2023-10-16T10:08:59.764176Z 0 [Note] D:\CDisk\”правление данными\SQL\mysql-5.7\bin\mysqld.exe (mysqld 5.7.11) starting as process 4352 ...
2023-10-19T09:12:27.452448Z 0 [Warning] TIMESTAMP with implicit DEFAULT value is deprecated. Please use --explicit_defaults_for_timestamp server option (see documentation for more details).
2023-10-19T09:12:27.452448Z 0 [Warning] Insecure configuration for --secure-file-priv: Current value does not restrict location of generated files. Consider setting it to a valid, non-empty path.
2023-10-19T09:12:27.455442Z 0 [ERROR] Cannot open Windows EventLog; check privileges, or start server with --log_syslog=0
2023-10-19T09:12:27.455442Z 0 [Note] D:\CDisk\”правление данными\SQL\mysql-5.7\bin\mysqld.exe (mysqld 5.7.11) starting as process 10336 ...
2023-10-20T13:48:59.130934Z 0 [Warning] TIMESTAMP with implicit DEFAULT value is deprecated. Please use --explicit_defaults_for_timestamp server option (see documentation for more details).
2023-10-20T13:48:59.130934Z 0 [Warning] Insecure configuration for --secure-file-priv: Current value does not restrict location of generated files. Consider setting it to a valid, non-empty path.
2023-10-20T13:48:59.139944Z 0 [ERROR] Cannot open Windows EventLog; check privileges, or start server with --log_syslog=0
2023-10-20T13:48:59.139944Z 0 [Note] D:\CDisk\”правление данными\SQL\mysql-5.7\bin\mysqld.exe (mysqld 5.7.11) starting as process 13584 ...
2023-10-21T07:35:47.588226Z 0 [Warning] TIMESTAMP with implicit DEFAULT value is deprecated. Please use --explicit_defaults_for_timestamp server option (see documentation for more details).
2023-10-21T07:35:47.589222Z 0 [Warning] Insecure configuration for --secure-file-priv: Current value does not restrict location of generated files. Consider setting it to a valid, non-empty path.
2023-10-21T07:35:47.593222Z 0 [ERROR] Cannot open Windows EventLog; check privileges, or start server with --log_syslog=0
2023-10-21T07:35:47.594226Z 0 [Note] D:\CDisk\”правление данными\SQL\mysql-5.7\bin\mysqld.exe (mysqld 5.7.11) starting as process 10964 ...
2023-11-04T12:10:31.738240Z 0 [Warning] TIMESTAMP with implicit DEFAULT value is deprecated. Please use --explicit_defaults_for_timestamp server option (see documentation for more details).
2023-11-04T12:10:31.739256Z 0 [Warning] Insecure configuration for --secure-file-priv: Current value does not restrict location of generated files. Consider setting it to a valid, non-empty path.
2023-11-04T12:10:31.742243Z 0 [ERROR] Cannot open Windows EventLog; check privileges, or start server with --log_syslog=0
2023-11-04T12:10:31.742243Z 0 [Note] D:\CDisk\”правление данными\SQL\mysql-5.7\bin\mysqld.exe (mysqld 5.7.11) starting as process 8528 ...
2023-11-04T12:26:03.341624Z 0 [Warning] TIMESTAMP with implicit DEFAULT value is deprecated. Please use --explicit_defaults_for_timestamp server option (see documentation for more details).
2023-11-04T12:26:03.341624Z 0 [Warning] Insecure configuration for --secure-file-priv: Current value does not restrict location of generated files. Consider setting it to a valid, non-empty path.
2023-11-04T12:26:03.343622Z 0 [ERROR] Cannot open Windows EventLog; check privileges, or start server with --log_syslog=0
2023-11-04T12:26:03.344624Z 0 [Note] D:\CDisk\”правление данными\SQL\mysql-5.7\bin\mysqld.exe (mysqld 5.7.11) starting as process 6344 ...
2023-11-12T16:14:37.744357Z 0 [Warning] TIMESTAMP with implicit DEFAULT value is deprecated. Please use --explicit_defaults_for_timestamp server option (see documentation for more details).
2023-11-12T16:14:37.757407Z 0 [Warning] Insecure configuration for --secure-file-priv: Current value does not restrict location of generated files. Consider setting it to a valid, non-empty path.
2023-11-12T16:14:37.761354Z 0 [ERROR] Cannot open Windows EventLog; check privileges, or start server with --log_syslog=0
2023-11-12T16:14:37.762366Z 0 [Note] D:\CDisk\”правление данными\SQL\mysql-5.7\bin\mysqld.exe (mysqld 5.7.11) starting as process 18404 ...
2023-11-30T11:45:02.086906Z 0 [Warning] TIMESTAMP with implicit DEFAULT value is deprecated. Please use --explicit_defaults_for_timestamp server option (see documentation for more details).
2023-11-30T11:45:02.087893Z 0 [Warning] Insecure configuration for --secure-file-priv: Current value does not restrict location of generated files. Consider setting it to a valid, non-empty path.
2023-11-30T11:45:02.090895Z 0 [ERROR] Cannot open Windows EventLog; check privileges, or start server with --log_syslog=0
2023-11-30T11:45:02.090895Z 0 [Note] C:\Users\Kirill\Documents\GitHubProjects\EOIS BACK\SQL\mysql-5.7\bin\mysqld.exe (mysqld 5.7.11) starting as process 13248 ...
2023-11-30T11:45:02.357555Z 0 [ERROR] Can't open shared library 'C:\Users\Kirill\Documents\GitHubProjects\EOIS BACK\SQL\mysql-5.7\lib\plugin\keyring_file.dll' (errno: 126 Ќе найден указанный модуль.)
2023-11-30T11:45:02.365548Z 0 [ERROR] Couldn't load plugin named 'keyring_file' with soname 'keyring_file.dll'.
2023-11-30T11:45:02.373542Z 0 [Note] InnoDB: Mutexes and rw_locks use Windows interlocked functions
2023-11-30T11:45:02.376542Z 0 [Note] InnoDB: Uses event mutexes
2023-11-30T11:45:02.378542Z 0 [Note] InnoDB: Memory barrier is not used
2023-11-30T11:45:02.384557Z 0 [Note] InnoDB: Compressed tables use zlib 1.2.3
2023-11-30T11:45:02.450438Z 0 [Note] InnoDB: Number of pools: 1
2023-11-30T11:45:02.453430Z 0 [Note] InnoDB: Not using CPU crc32 instructions
2023-11-30T11:45:02.816380Z 0 [Note] InnoDB: Initializing buffer pool, total size = 128M, instances = 1, chunk size = 128M
2023-11-30T11:45:02.840946Z 0 [Note] InnoDB: Completed initialization of buffer pool
2023-11-30T11:45:03.144644Z 0 [Note] InnoDB: Highest supported file format is Barracuda.
2023-11-30T11:45:03.154620Z 0 [Note] InnoDB: Log scan progressed past the checkpoint lsn 9293706
2023-11-30T11:45:03.156621Z 0 [Note] InnoDB: Doing recovery: scanned up to log sequence number 9293715
2023-11-30T11:45:03.161623Z 0 [Note] InnoDB: Doing recovery: scanned up to log sequence number 9293715
2023-11-30T11:45:03.163622Z 0 [Note] InnoDB: Database was not shutdown normally!
2023-11-30T11:45:03.165622Z 0 [Note] InnoDB: Starting crash recovery.
2023-11-30T11:45:05.613155Z 0 [Note] InnoDB: Removed temporary tablespace data file: "ibtmp1"
2023-11-30T11:45:05.614153Z 0 [Note] InnoDB: Creating shared tablespace for temporary tables
2023-11-30T11:45:05.617158Z 0 [Note] InnoDB: Setting file '.\ibtmp1' size to 12 MB. Physically writing the file full; Please wait ...
2023-11-30T11:45:05.674155Z 0 [Note] InnoDB: File '.\ibtmp1' size is now 12 MB.
2023-11-30T11:45:05.710161Z 0 [Note] InnoDB: 96 redo rollback segment(s) found. 96 redo rollback segment(s) are active.
2023-11-30T11:45:05.712157Z 0 [Note] InnoDB: 32 non-redo rollback segment(s) are active.
2023-11-30T11:45:05.714157Z 0 [Note] InnoDB: Waiting for purge to start
2023-11-30T11:45:05.775162Z 0 [Note] InnoDB: 5.7.11 started; log sequence number 9293715
2023-11-30T11:45:05.779082Z 0 [Note] InnoDB: Loading buffer pool(s) from C:\Users\Kirill\Documents\GitHubProjects\EOIS BACK\SQL\mysql-5.7\data\ib_buffer_pool
2023-11-30T11:45:05.780209Z 0 [Note] Plugin 'FEDERATED' is disabled.
2023-11-30T11:45:05.845827Z 0 [Note] InnoDB: Buffer pool(s) load completed at 231130 18:45:05
2023-11-30T11:45:05.948881Z 0 [Warning] Failed to set up SSL because of the following SSL library error: SSL context is not usable without certificate and private key
2023-11-30T11:45:05.962887Z 0 [Note] Server hostname (bind-address): '*'; port: 3306
2023-11-30T11:45:05.965900Z 0 [Note] IPv6 is available.
2023-11-30T11:45:05.968908Z 0 [Note]   - '::' resolves to '::';
2023-11-30T11:45:05.970905Z 0 [Note] Server socket created on IP: '::'.
2023-11-30T11:45:12.494732Z 0 [Note] Event Scheduler: Loaded 0 events
2023-11-30T11:45:12.496725Z 0 [Note] C:\Users\Kirill\Documents\GitHubProjects\EOIS BACK\SQL\mysql-5.7\bin\mysqld.exe: ready for connections.
Version: '5.7.11'  socket: ''  port: 3306  MySQL Community Server (GPL)
2023-11-30T12:38:23.230095Z 0 [Note] InnoDB: page_cleaner: 1000ms intended loop took 17132ms. The settings might not be optimal. (flushed=0 and evicted=0, during the time.)
2023-11-30T15:42:21.321692Z 0 [Note] InnoDB: page_cleaner: 1000ms intended loop took 10798033ms. The settings might not be optimal. (flushed=0 and evicted=0, during the time.)
2023-12-01T02:37:22.057493Z 0 [Note] InnoDB: page_cleaner: 1000ms intended loop took 39283981ms. The settings might not be optimal. (flushed=0 and evicted=0, during the time.)
2023-12-01T03:35:15.231608Z 0 [Note] InnoDB: page_cleaner: 1000ms intended loop took 3430935ms. The settings might not be optimal. (flushed=0 and evicted=0, during the time.)
2023-12-01T14:18:24.205707Z 0 [Note] InnoDB: page_cleaner: 1000ms intended loop took 10798203ms. The settings might not be optimal. (flushed=0 and evicted=0, during the time.)
2023-12-04T02:15:26.847341Z 0 [Note] InnoDB: page_cleaner: 1000ms intended loop took 215801884ms. The settings might not be optimal. (flushed=0 and evicted=0, during the time.)
2023-12-04T04:14:56.144563Z 0 [Note] InnoDB: page_cleaner: 1000ms intended loop took 3577584ms. The settings might not be optimal. (flushed=0 and evicted=0, during the time.)
2023-12-04T08:15:55.648511Z 0 [Note] InnoDB: page_cleaner: 1000ms intended loop took 7725522ms. The settings might not be optimal. (flushed=0 and evicted=0, during the time.)
2023-12-04T09:45:17.233121Z 0 [Note] InnoDB: page_cleaner: 1000ms intended loop took 679002ms. The settings might not be optimal. (flushed=0 and evicted=0, during the time.)
2023-12-04T13:29:45.618639Z 0 [Note] InnoDB: page_cleaner: 1000ms intended loop took 10798388ms. The settings might not be optimal. (flushed=0 and evicted=0, during the time.)
2023-12-05T13:40:37.810031Z 0 [Note] InnoDB: page_cleaner: 1000ms intended loop took 87028426ms. The settings might not be optimal. (flushed=0 and evicted=0, during the time.)
2023-12-05T15:43:00.460343Z 0 [Note] InnoDB: page_cleaner: 1000ms intended loop took 6925ms. The settings might not be optimal. (flushed=0 and evicted=0, during the time.)
2023-12-05T20:58:40.588265Z 0 [Note] InnoDB: page_cleaner: 1000ms intended loop took 10799076ms. The settings might not be optimal. (flushed=0 and evicted=0, during the time.)
2023-12-06T02:24:48.762321Z 0 [Note] InnoDB: page_cleaner: 1000ms intended loop took 19543177ms. The settings might not be optimal. (flushed=0 and evicted=0, during the time.)
2023-12-06T06:21:50.326805Z 0 [Note] InnoDB: page_cleaner: 1000ms intended loop took 1209272ms. The settings might not be optimal. (flushed=0 and evicted=0, during the time.)
2023-12-06T08:51:12.723728Z 0 [Note] InnoDB: page_cleaner: 1000ms intended loop took 5543737ms. The settings might not be optimal. (flushed=0 and evicted=0, during the time.)
2023-12-06T13:08:31.562400Z 0 [Note] InnoDB: page_cleaner: 1000ms intended loop took 10798713ms. The settings might not be optimal. (flushed=0 and evicted=0, during the time.)
2023-12-07T02:17:02.026516Z 0 [Note] InnoDB: page_cleaner: 1000ms intended loop took 47282599ms. The settings might not be optimal. (flushed=0 and evicted=0, during the time.)
2023-12-07T07:32:50.450634Z 0 [Note] InnoDB: page_cleaner: 1000ms intended loop took 1202583ms. The settings might not be optimal. (flushed=0 and evicted=0, during the time.)
2023-12-07T13:52:13.448503Z 0 [Note] InnoDB: page_cleaner: 1000ms intended loop took 10798711ms. The settings might not be optimal. (flushed=0 and evicted=0, during the time.)
2023-12-08T01:21:03.349376Z 0 [Note] InnoDB: page_cleaner: 1000ms intended loop took 41301644ms. The settings might not be optimal. (flushed=0 and evicted=0, during the time.)
2023-12-08T03:36:24.797788Z 0 [Note] InnoDB: page_cleaner: 1000ms intended loop took 1043264ms. The settings might not be optimal. (flushed=0 and evicted=0, during the time.)
2023-12-08T06:43:21.480568Z 0 [Note] InnoDB: page_cleaner: 1000ms intended loop took 149004ms. The settings might not be optimal. (flushed=0 and evicted=0, during the time.)
2023-12-08T09:48:45.884981Z 0 [Note] InnoDB: page_cleaner: 1000ms intended loop took 9028341ms. The settings might not be optimal. (flushed=0 and evicted=0, during the time.)
2023-12-08T13:00:52.052339Z 0 [Note] InnoDB: page_cleaner: 1000ms intended loop took 10797155ms. The settings might not be optimal. (flushed=0 and evicted=0, during the time.)
2023-12-09T09:58:36.422792Z 0 [Note] InnoDB: page_cleaner: 1000ms intended loop took 75439692ms. The settings might not be optimal. (flushed=0 and evicted=0, during the time.)
2023-12-09T17:15:00.744022Z 0 [Note] InnoDB: page_cleaner: 1000ms intended loop took 5530608ms. The settings might not be optimal. (flushed=0 and evicted=0, during the time.)
2023-12-09T22:41:15.729573Z 0 [Note] InnoDB: page_cleaner: 1000ms intended loop took 10797700ms. The settings might not be optimal. (flushed=0 and evicted=0, during the time.)
2023-12-11T01:20:32.050251Z 0 [Note] InnoDB: page_cleaner: 1000ms intended loop took 95924696ms. The settings might not be optimal. (flushed=0 and evicted=0, during the time.)
2023-12-11T08:12:03.608907Z 0 [Note] InnoDB: page_cleaner: 1000ms intended loop took 8691173ms. The settings might not be optimal. (flushed=0 and evicted=0, during the time.)
2023-12-11T09:40:00.369177Z 0 [Note] InnoDB: page_cleaner: 1000ms intended loop took 53789ms. The settings might not be optimal. (flushed=0 and evicted=0, during the time.)
2023-12-11T14:06:28.927532Z 0 [Note] InnoDB: page_cleaner: 1000ms intended loop took 10797661ms. The settings might not be optimal. (flushed=0 and evicted=0, during the time.)
2023-12-12T02:22:56.176274Z 0 [Note] InnoDB: page_cleaner: 1000ms intended loop took 44178772ms. The settings might not be optimal. (flushed=0 and evicted=0, during the time.)
2023-12-12T04:46:55.142612Z 0 [Note] InnoDB: page_cleaner: 1000ms intended loop took 4719289ms. The settings might not be optimal. (flushed=0 and evicted=0, during the time.)
2023-12-12T10:53:50.627575Z 0 [Note] InnoDB: page_cleaner: 1000ms intended loop took 10796193ms. The settings might not be optimal. (flushed=0 and evicted=0, during the time.)
2023-12-12T11:32:53.381459Z 0 [Note] InnoDB: page_cleaner: 1000ms intended loop took 2317940ms. The settings might not be optimal. (flushed=0 and evicted=0, during the time.)
2023-12-12T18:49:53.925534Z 0 [Note] InnoDB: page_cleaner: 1000ms intended loop took 10796509ms. The settings might not be optimal. (flushed=0 and evicted=0, during the time.)
2023-12-13T01:21:20.043519Z 0 [Note] InnoDB: page_cleaner: 1000ms intended loop took 23458953ms. The settings might not be optimal. (flushed=0 and evicted=0, during the time.)
2023-12-13T08:21:55.445476Z 0 [Note] InnoDB: page_cleaner: 1000ms intended loop took 3359198ms. The settings might not be optimal. (flushed=0 and evicted=0, during the time.)
2023-12-13T09:00:34.899804Z 0 [Note] InnoDB: page_cleaner: 1000ms intended loop took 623529ms. The settings might not be optimal. (flushed=0 and evicted=0, during the time.)
2023-12-13T12:36:56.270722Z 0 [Note] InnoDB: page_cleaner: 1000ms intended loop took 10798487ms. The settings might not be optimal. (flushed=0 and evicted=0, during the time.)
2023-12-14T01:21:06.520058Z 0 [Note] InnoDB: page_cleaner: 1000ms intended loop took 45821847ms. The settings might not be optimal. (flushed=0 and evicted=0, during the time.)
2023-12-14T13:05:33.883116Z 0 [Note] InnoDB: page_cleaner: 1000ms intended loop took 10798983ms. The settings might not be optimal. (flushed=0 and evicted=0, during the time.)
2023-12-15T01:23:24.642910Z 0 [Note] InnoDB: page_cleaner: 1000ms intended loop took 44235488ms. The settings might not be optimal. (flushed=0 and evicted=0, during the time.)
2023-12-15T08:05:51.463155Z 0 [Note] InnoDB: page_cleaner: 1000ms intended loop took 4021240ms. The settings might not be optimal. (flushed=0 and evicted=0, during the time.)
2023-12-15T11:57:41.751886Z 0 [Note] InnoDB: page_cleaner: 1000ms intended loop took 10796644ms. The settings might not be optimal. (flushed=0 and evicted=0, during the time.)
2023-12-17T15:19:36.856571Z 0 [Note] InnoDB: page_cleaner: 1000ms intended loop took 184881813ms. The settings might not be optimal. (flushed=0 and evicted=0, during the time.)
2023-12-17T18:50:33.716599Z 0 [Note] InnoDB: page_cleaner: 1000ms intended loop took 913194ms. The settings might not be optimal. (flushed=0 and evicted=0, during the time.)
2023-12-17T20:55:32.300325Z 0 [Note] InnoDB: page_cleaner: 1000ms intended loop took 2273733ms. The settings might not be optimal. (flushed=0 and evicted=0, during the time.)
2023-12-24T13:14:06.137810Z 0 [Warning] TIMESTAMP with implicit DEFAULT value is deprecated. Please use --explicit_defaults_for_timestamp server option (see documentation for more details).
2023-12-24T13:14:06.138811Z 0 [Warning] Insecure configuration for --secure-file-priv: Current value does not restrict location of generated files. Consider setting it to a valid, non-empty path.
2023-12-24T13:14:06.142808Z 0 [ERROR] Cannot open Windows EventLog; check privileges, or start server with --log_syslog=0
2023-12-24T13:14:06.142808Z 0 [Note] C:\Users\Kirill\Documents\GitHubProjects\EOIS BACK\SQL\mysql-5.7\bin\mysqld.exe (mysqld 5.7.11) starting as process 13636 ...
2023-12-25T08:21:04.069358Z 0 [Warning] TIMESTAMP with implicit DEFAULT value is deprecated. Please use --explicit_defaults_for_timestamp server option (see documentation for more details).
2023-12-25T08:21:04.069358Z 0 [Warning] Insecure configuration for --secure-file-priv: Current value does not restrict location of generated files. Consider setting it to a valid, non-empty path.
2023-12-25T08:21:04.072361Z 0 [ERROR] Cannot open Windows EventLog; check privileges, or start server with --log_syslog=0
2023-12-25T08:21:04.072361Z 0 [Note] C:\Users\Kirill\Documents\GitHubProjects\EOIS BACK\SQL\mysql-5.7\bin\mysqld.exe (mysqld 5.7.11) starting as process 8800 ...
2024-01-19T06:51:57.714375Z 0 [Warning] TIMESTAMP with implicit DEFAULT value is deprecated. Please use --explicit_defaults_for_timestamp server option (see documentation for more details).
2024-01-19T06:51:57.715364Z 0 [Warning] Insecure configuration for --secure-file-priv: Current value does not restrict location of generated files. Consider setting it to a valid, non-empty path.
2024-01-19T06:51:57.753365Z 0 [ERROR] Cannot open Windows EventLog; check privileges, or start server with --log_syslog=0
2024-01-19T06:51:57.753365Z 0 [Note] C:\Users\Kirill\Documents\GitHubProjects\EOIS BACK\SQL\mysql-5.7\bin\mysqld.exe (mysqld 5.7.11) starting as process 10396 ...
2024-01-28T06:17:48.241992Z 0 [Warning] TIMESTAMP with implicit DEFAULT value is deprecated. Please use --explicit_defaults_for_timestamp server option (see documentation for more details).
2024-01-28T06:17:48.241992Z 0 [Warning] Insecure configuration for --secure-file-priv: Current value does not restrict location of generated files. Consider setting it to a valid, non-empty path.
2024-01-28T06:17:48.246989Z 0 [ERROR] Cannot open Windows EventLog; check privileges, or start server with --log_syslog=0
2024-01-28T06:17:48.246989Z 0 [Note] C:\Users\Kirill\Documents\GitHubProjects\EOIS BACK\SQL\mysql-5.7\bin\mysqld.exe (mysqld 5.7.11) starting as process 1132 ...
2024-01-31T10:51:38.398630Z 0 [Warning] TIMESTAMP with implicit DEFAULT value is deprecated. Please use --explicit_defaults_for_timestamp server option (see documentation for more details).
2024-01-31T10:51:38.399639Z 0 [Warning] Insecure configuration for --secure-file-priv: Current value does not restrict location of generated files. Consider setting it to a valid, non-empty path.
2024-01-31T10:51:38.407626Z 0 [ERROR] Cannot open Windows EventLog; check privileges, or start server with --log_syslog=0
2024-01-31T10:51:38.407626Z 0 [Note] C:\Users\Kirill\Documents\GitHubProjects\EOIS BACK\SQL\mysql-5.7\bin\mysqld.exe (mysqld 5.7.11) starting as process 1784 ...
2024-02-05T08:49:40.206024Z 0 [Warning] TIMESTAMP with implicit DEFAULT value is deprecated. Please use --explicit_defaults_for_timestamp server option (see documentation for more details).
2024-02-05T08:49:40.207014Z 0 [Warning] Insecure configuration for --secure-file-priv: Current value does not restrict location of generated files. Consider setting it to a valid, non-empty path.
2024-02-05T08:49:40.210012Z 0 [ERROR] Cannot open Windows EventLog; check privileges, or start server with --log_syslog=0
2024-02-05T08:49:40.210012Z 0 [Note] C:\Users\Kirill\Documents\GitHubProjects\EOIS BACK\SQL\mysql-5.7\bin\mysqld.exe (mysqld 5.7.11) starting as process 15704 ...
2024-02-16T05:35:08.505952Z 0 [Warning] TIMESTAMP with implicit DEFAULT value is deprecated. Please use --explicit_defaults_for_timestamp server option (see documentation for more details).
2024-02-16T05:35:08.505952Z 0 [Warning] Insecure configuration for --secure-file-priv: Current value does not restrict location of generated files. Consider setting it to a valid, non-empty path.
2024-02-16T05:35:08.510935Z 0 [ERROR] Cannot open Windows EventLog; check privileges, or start server with --log_syslog=0
2024-02-16T05:35:08.510935Z 0 [Note] C:\Users\Kirill\Documents\GitHubProjects\EOIS BACK\SQL\mysql-5.7\bin\mysqld.exe (mysqld 5.7.11) starting as process 9976 ...
2024-02-26T09:35:16.209440Z 0 [Warning] TIMESTAMP with implicit DEFAULT value is deprecated. Please use --explicit_defaults_for_timestamp server option (see documentation for more details).
2024-02-26T09:35:16.209440Z 0 [Warning] Insecure configuration for --secure-file-priv: Current value does not restrict location of generated files. Consider setting it to a valid, non-empty path.
2024-02-26T09:35:16.547426Z 0 [ERROR] Cannot open Windows EventLog; check privileges, or start server with --log_syslog=0
2024-02-26T09:35:16.547426Z 0 [Note] C:\Users\Kirill\Documents\GitHubProjects\EOIS BACK\SQL\mysql-5.7\bin\mysqld.exe (mysqld 5.7.11) starting as process 8416 ...
